<?xml version="1.0" encoding="UTF-8"?>
<!-- Generated by org.testng.reporters.JUnitXMLReporter -->
<testsuite ignored="1" hostname="DESKTOP-3GSOFRD" failures="0" tests="1" name="ChromeTest" time="10.575" errors="0" timestamp="2024-10-24T23:30:47 IST">
  <testcase classname="testCase.CategoryPageTest" name="checkForStatus" time="3.146"/>
  <testcase classname="testCase.CategoryPageTest" name="EditNewCategory" time="0.0">
    <ignored/>
  </testcase> <!-- EditNewCategory -->
</testsuite> <!-- ChromeTest -->
