<?xml version="1.0" encoding="UTF-8"?>
<!-- Generated by org.testng.reporters.JUnitXMLReporter -->
<testsuite ignored="0" hostname="DESKTOP-3GSOFRD" failures="0" tests="4" name="ChromeTest" time="26.64" errors="0" timestamp="2024-10-21T12:10:55 IST">
  <testcase classname="testCase.LoginPageTest" name="verifyLoginWithInvalidData" time="0.622"/>
  <testcase classname="testCase.LoginPageTest" name="verifyLoginWithInvalidData" time="0.617"/>
  <testcase classname="testCase.LoginPageTest" name="verifyLoginWithInvalidData" time="0.843"/>
  <testcase classname="testCase.LoginPageTest" name="verifyLoginWithValidData" time="1.401"/>
</testsuite> <!-- ChromeTest -->
