<?xml version="1.0" encoding="UTF-8"?>
<testng-results ignored="0" total="1" passed="1" failed="0" skipped="0">
  <reporter-output>
  </reporter-output>
  <suite started-at="2024-10-24T23:30:36 IST" name="GroceryApplication" finished-at="2024-10-24T23:30:46 IST" duration-ms="10575">
    <groups>
    </groups>
    <test started-at="2024-10-24T23:30:36 IST" name="ChromeTest" finished-at="2024-10-24T23:30:46 IST" duration-ms="10575">
      <class name="testCase.CategoryPageTest">
        <test-method is-config="true" signature="beforeMethod(java.lang.String)[pri:0, instance:testCase.CategoryPageTest@368247b9]" started-at="2024-10-24T23:30:36 IST" name="beforeMethod" finished-at="2024-10-24T23:30:43 IST" duration-ms="7149" status="PASS">
          <params>
            <param index="0">
              <value>
                <![CDATA[Chrome]]>
              </value>
            </param>
          </params>
          <reporter-output>
          </reporter-output>
        </test-method> <!-- beforeMethod -->
        <test-method signature="checkForStatus()[pri:0, instance:testCase.CategoryPageTest@368247b9]" started-at="2024-10-24T23:30:43 IST" name="checkForStatus" finished-at="2024-10-24T23:30:46 IST" duration-ms="3146" status="PASS">
          <reporter-output>
          </reporter-output>
        </test-method> <!-- checkForStatus -->
        <test-method is-config="true" signature="afterMethode(org.testng.ITestResult)[pri:0, instance:testCase.CategoryPageTest@368247b9]" started-at="2024-10-24T23:30:46 IST" name="afterMethode" finished-at="2024-10-24T23:30:46 IST" duration-ms="1" status="PASS">
          <params>
            <param index="0">
              <value>
                <![CDATA[[TestResult name=checkForStatus status=SUCCESS method=CategoryPageTest.checkForStatus()[pri:0, instance:testCase.CategoryPageTest@368247b9] output={null}]]]>
              </value>
            </param>
          </params>
          <reporter-output>
          </reporter-output>
        </test-method> <!-- afterMethode -->
      </class> <!-- testCase.CategoryPageTest -->
    </test> <!-- ChromeTest -->
  </suite> <!-- GroceryApplication -->
</testng-results>
