<?xml version="1.0" encoding="UTF-8"?>
<!-- Generated by org.testng.reporters.JUnitXMLReporter -->
<testsuite ignored="0" hostname="DESKTOP-3GSOFRD" failures="0" tests="3" name="Default test" time="27.377" errors="0" timestamp="2024-10-18T17:54:15 IST">
  <testcase classname="testCase.SubCategoryTest" name="verifyDeleteSubCatgory" time="3.287"/>
  <testcase classname="testCase.SubCategoryTest" name="verifyEditSubCategory" time="4.173"/>
  <testcase classname="testCase.SubCategoryTest" name="verifyNewSubCategory" time="3.112"/>
</testsuite> <!-- Default test -->
